2023/09/19 14:06:34 main.go:17: Server running...
2023/09/19 14:15:06 main.go:17: Server running...
2023/09/19 14:21:29 main.go:17: Server running...
2023/09/19 14:22:06 main.go:17: Server running...
2023/09/19 14:22:16 main.go:17: Server running...
2023/09/19 14:31:20 main.go:17: Server running...
2023/09/19 14:31:36 main.go:17: Server running...
2023/09/19 14:40:40 log.go:39: Log initialization successful
2023/09/19 14:40:40 viper.go:25: Configuration read successful
2023/09/19 14:40:40 mysql.go:30: dial tpc: unknown network tpc
2023/09/19 14:41:30 log.go:39: Log initialization successful
2023/09/19 14:41:30 viper.go:25: Configuration read successful
2023/09/19 14:41:30 mysql.go:32: Mysql connection successful
2023/09/19 14:41:30 main.go:17: Server running...
2023/09/19 14:43:54 log.go:39: Log initialization successful
2023/09/19 14:43:54 viper.go:26: Configuration read successful
2023/09/19 14:43:54 mysql.go:32: Mysql connection successful
2023/09/19 14:43:54 main.go:17: Server running...
2023/09/19 14:45:15 log.go:39: Log initialization successful
2023/09/19 14:45:15 viper.go:26: Configuration read successful
2023/09/19 14:45:15 mysql.go:32: Mysql connection successful
2023/09/19 14:45:15 viper.go:23: The configuration file has changed
2023/09/19 14:45:15 log.go:39: Log initialization successful
2023/09/19 14:45:15 viper.go:26: Configuration read successful
2023/09/19 14:45:15 mysql.go:32: Mysql connection successful
2023/09/19 14:45:15 viper.go:23: The configuration file has changed
2023/09/19 19:24:33 C:/Code/GO/project/chatRoom/server/initialize/log.go:34: Log initialization successful
2023/09/19 19:24:33 C:/Code/GO/project/chatRoom/server/initialize/viper.go:26: Configuration read successful
2023/09/19 19:24:33 C:/Code/GO/project/chatRoom/server/initialize/mysql.go:37: Mysql connection successful
2023/09/19 19:24:33 C:/Code/GO/project/chatRoom/server/main.go:19: Server running...
2023/09/19 19:42:02 log.go:34: Log initialization successful
2023/09/19 19:42:02 viper.go:26: Configuration read successful
2023/09/19 19:42:02 main.go:13: Error 1075 (42000): Incorrect table definition; there can be only one auto column and it must be defined as a key
2023/09/19 19:42:16 log.go:34: Log initialization successful
2023/09/19 19:42:16 viper.go:26: Configuration read successful
2023/09/19 19:42:16 mysql.go:37: Mysql connection successful
2023/09/19 19:42:16 main.go:19: Server running...
2023/09/19 19:50:25 log.go:34: Log initialization successful
2023/09/19 19:50:25 viper.go:26: Configuration read successful
2023/09/19 19:50:25 main.go:13: Error 1170 (42000): BLOB/TEXT column 'name' used in key specification without a key length
2023/09/19 19:50:36 log.go:34: Log initialization successful
2023/09/19 19:50:36 viper.go:26: Configuration read successful
2023/09/19 19:50:36 main.go:13: Error 1170 (42000): BLOB/TEXT column 'name' used in key specification without a key length
2023/09/19 19:52:11 log.go:34: Log initialization successful
2023/09/19 19:52:11 viper.go:26: Configuration read successful
2023/09/19 19:52:11 mysql.go:37: Mysql connection successful
2023/09/19 19:52:11 main.go:19: Server running...
2023/09/19 19:59:19 log.go:34: Log initialization successful
2023/09/19 19:59:19 viper.go:26: Configuration read successful
2023/09/19 19:59:19 mysql.go:37: Mysql connection successful
2023/09/19 19:59:19 main.go:19: Server running...
2023/09/19 20:01:29 log.go:34: Log initialization successful
2023/09/19 20:01:29 viper.go:26: Configuration read successful
2023/09/19 20:01:29 mysql.go:37: Mysql connection successful
2023/09/19 20:01:29 main.go:19: Server running...
2023/09/19 20:06:37 log.go:34: Log initialization successful
2023/09/19 20:06:37 viper.go:26: Configuration read successful
2023/09/19 20:06:37 mysql.go:37: Mysql connection successful
2023/09/19 20:06:37 main.go:19: Server running...
2023/09/19 20:10:03 log.go:34: Log initialization successful
2023/09/19 20:10:03 viper.go:26: Configuration read successful
2023/09/19 20:10:04 mysql.go:37: Mysql connection successful
2023/09/19 20:10:04 main.go:19: Server running...
2023/09/19 20:11:09 log.go:34: Log initialization successful
2023/09/19 20:11:09 viper.go:26: Configuration read successful
2023/09/19 20:11:09 mysql.go:37: Mysql connection successful
2023/09/19 20:11:09 main.go:19: Server running...
2023/09/19 20:11:40 log.go:34: Log initialization successful
2023/09/19 20:11:40 viper.go:26: Configuration read successful
2023/09/19 20:11:40 mysql.go:37: Mysql connection successful
2023/09/19 20:11:40 main.go:19: Server running...
2023/09/19 20:17:15 log.go:34: Log initialization successful
2023/09/19 20:17:15 viper.go:26: Configuration read successful
2023/09/19 20:17:15 mysql.go:37: Mysql connection successful
2023/09/19 20:17:15 main.go:19: Server running...
